<?xml version="1.0" encoding="UTF-8"?>
<testsuite xmlns:xsi="http://www.w3.org/2001/XMLSchema-instance" xsi:noNamespaceSchemaLocation="https://maven.apache.org/surefire/maven-surefire-plugin/xsd/surefire-test-report-3.0.xsd" version="3.0" name="ScientificCalculatorTest" time="0.029" tests="19" errors="0" skipped="0" failures="0">
  <properties>
[...]
</properties>
  <testcase name="testFactorialFive" classname="ScientificCalculatorTest" time="0.008"/>
  <testcase name="testFactorialZero" classname="ScientificCalculatorTest" time="0.001"/>
  <testcase name="testSquareRootZero" classname="ScientificCalculatorTest" time="0.001"/>
  <testcase name="testSquareRootPositive" classname="ScientificCalculatorTest" time="0.0"/>
  <testcase name="testPowerFractionalExponent" classname="ScientificCalculatorTest" time="0.0"/>
  <testcase name="testSquareRootNegative" classname="ScientificCalculatorTest" time="0.001">
    <system-out><![CDATA[Error: Cannot compute square root of a negative number.
]]></system-out>
  </testcase>
  <testcase name="testFactorialOne" classname="ScientificCalculatorTest" time="0.001"/>
  <testcase name="testFactorialTen" classname="ScientificCalculatorTest" time="0.0"/>
  <testcase name="testPowerNegativeExponent" classname="ScientificCalculatorTest" time="0.0"/>
  <testcase name="testPowerZeroExponent" classname="ScientificCalculatorTest" time="0.001"/>
  <testcase name="testSquareRootDecimal" classname="ScientificCalculatorTest" time="0.001"/>
  <testcase name="testPowerZeroBase" classname="ScientificCalculatorTest" time="0.0"/>
  <testcase name="testNaturalLogZero" classname="ScientificCalculatorTest" time="0.0">
    <system-out><![CDATA[Error: Natural logarithm is not defined for zero or negative numbers.
]]></system-out>
  </testcase>
  <testcase name="testPowerPositiveExponent" classname="ScientificCalculatorTest" time="0.0"/>
  <testcase name="testNaturalLogPositive" classname="ScientificCalculatorTest" time="0.0"/>
  <testcase name="testNaturalLogNegative" classname="ScientificCalculatorTest" time="0.001">
    <system-out><![CDATA[Error: Natural logarithm is not defined for zero or negative numbers.
]]></system-out>
  </testcase>
  <testcase name="testNaturalLogOne" classname="ScientificCalculatorTest" time="0.0"/>
  <testcase name="testNaturalLogE" classname="ScientificCalculatorTest" time="0.0"/>
  <testcase name="testFactorialNegative" classname="ScientificCalculatorTest" time="0.0">
    <system-out><![CDATA[Error: Factorial is not defined for negative numbers.
]]></system-out>
  </testcase>
</testsuite>